2025-07-24 10:27:30,114 - INFO - url: https://zjj.yangfeiyue.dpdns.org/txt/Zhejiang_dianxin.txt 获取成功，判断为m3u格式
2025-07-24 10:27:30,118 - INFO - url: https://zjj.yangfeiyue.dpdns.org/txt/Zhejiang_dianxin.txt 爬取成功✅，包含频道分类: 央视高清, 卫视高清
2025-07-24 10:27:30,288 - INFO - url: https://shh.yangfeiyue.dpdns.org/txt/Shanghai_dianxin.txt 获取成功，判断为m3u格式
2025-07-24 10:27:30,291 - INFO - url: https://shh.yangfeiyue.dpdns.org/txt/Shanghai_dianxin.txt 爬取成功✅，包含频道分类: 央视高清, 卫视高清
2025-07-24 10:27:34,544 - INFO - url: https://gdd.yangfeiyue.dpdns.org/txt/Guangdong_dianxin.txt 获取成功，判断为m3u格式
2025-07-24 10:27:34,552 - INFO - url: https://gdd.yangfeiyue.dpdns.org/txt/Guangdong_dianxin.txt 爬取成功✅，包含频道分类: 央视高清, 卫视高清
2025-07-24 10:27:35,302 - INFO - url: https://bjj.yangfeiyue.dpdns.org/txt/Beijing_liantong.txt 获取成功，判断为m3u格式
2025-07-24 10:27:35,304 - INFO - url: https://bjj.yangfeiyue.dpdns.org/txt/Beijing_liantong.txt 爬取成功✅，包含频道分类: 央视高清, 本地高清, 卫视高清
2025-07-24 10:27:45,529 - INFO - url: https://tjj.yangfeiyue.dpdns.org/txt/Tianjin_liantong.txt 获取成功，判断为m3u格式
2025-07-24 10:27:45,530 - INFO - url: https://tjj.yangfeiyue.dpdns.org/txt/Tianjin_liantong.txt 爬取成功✅，包含频道分类: 央视高清, 卫视频道
2025-07-24 10:27:45,636 - INFO - url: https://jss.yangfeiyue.dpdns.org/txt/Jiangsu_dianxin.txt 获取成功，判断为m3u格式
2025-07-24 10:27:45,639 - INFO - url: https://jss.yangfeiyue.dpdns.org/txt/Jiangsu_dianxin.txt 爬取成功✅，包含频道分类: 央视高清, 卫视高清, 影院高清
2025-07-24 10:27:45,811 - INFO - url: https://cqq.yangfeiyue.dpdns.org/txt/Chongqing_liantong.txt 获取成功，判断为m3u格式
2025-07-24 10:27:45,811 - INFO - url: https://cqq.yangfeiyue.dpdns.org/txt/Chongqing_liantong.txt 爬取成功✅，包含频道分类: 卫视高清
2025-07-24 10:27:45,911 - INFO - url: https://ssx.yangfeiyue.dpdns.org/txt/Shaanxi_dianxin.txt 获取成功，判断为m3u格式
2025-07-24 10:27:45,923 - INFO - url: https://ssx.yangfeiyue.dpdns.org/txt/Shaanxi_dianxin.txt 爬取成功✅，包含频道分类: 央视高清, 卫视高清
2025-07-24 10:27:46,042 - INFO - url: https://jxx.yangfeiyue.dpdns.org/txt/Jiangxi_dianxin.txt 获取成功，判断为m3u格式
2025-07-24 10:27:46,044 - INFO - url: https://jxx.yangfeiyue.dpdns.org/txt/Jiangxi_dianxin.txt 爬取成功✅，包含频道分类: 卫视高清, 影院高清, 央视高清
2025-07-24 10:27:51,138 - INFO - url: https://fjj.yangfeiyue.dpdns.org/txt/Fujian_dianxin.txt 获取成功，判断为m3u格式
2025-07-24 10:27:51,139 - INFO - url: https://fjj.yangfeiyue.dpdns.org/txt/Fujian_dianxin.txt 爬取成功✅，包含频道分类: 卫视高清
2025-07-24 10:27:51,386 - INFO - url: https://ahh.yangfeiyue.dpdns.org/txt/Anhui_dianxin.txt 获取成功，判断为m3u格式
2025-07-24 10:27:51,391 - INFO - url: https://ahh.yangfeiyue.dpdns.org/txt/Anhui_dianxin.txt 爬取成功✅，包含频道分类: 卫视高清, 央视高清, 影院高清
2025-07-24 10:27:51,581 - INFO - url: https://hnn.yangfeiyue.dpdns.org/txt/Hunan_dianxin.txt 获取成功，判断为m3u格式
2025-07-24 10:27:51,583 - INFO - url: https://hnn.yangfeiyue.dpdns.org/txt/Hunan_dianxin.txt 爬取成功✅，包含频道分类: 卫视高清, 央视高清
2025-07-24 10:27:51,815 - INFO - url: https://scc.yangfeiyue.dpdns.org/txt/Sichuan_dianxin.txt 获取成功，判断为m3u格式
2025-07-24 10:27:51,826 - INFO - url: https://scc.yangfeiyue.dpdns.org/txt/Sichuan_dianxin.txt 爬取成功✅，包含频道分类: 央视高清, 卫视高清, 本地高清, 电影, 影院高清
2025-07-24 10:27:51,932 - INFO - url: https://gxx.yangfeiyue.dpdns.org/txt/Guangxi_dianxin.txt 获取成功，判断为m3u格式
2025-07-24 10:27:51,933 - INFO - url: https://gxx.yangfeiyue.dpdns.org/txt/Guangxi_dianxin.txt 爬取成功✅，包含频道分类: 卫视高清
2025-07-24 10:27:52,059 - INFO - url: https://sdd.yangfeiyue.dpdns.org/txt/Shandong_dianxin.txt 获取成功，判断为m3u格式
2025-07-24 10:27:52,065 - INFO - url: https://sdd.yangfeiyue.dpdns.org/txt/Shandong_dianxin.txt 爬取成功✅，包含频道分类: 山东电信
2025-07-24 10:27:52,185 - INFO - url: https://hbb.yangfeiyue.dpdns.org/txt/Hubei_dianxin.txt 获取成功，判断为m3u格式
2025-07-24 10:27:52,186 - INFO - url: https://hbb.yangfeiyue.dpdns.org/txt/Hubei_dianxin.txt 爬取成功✅，包含频道分类: 卫视高清, 影院高清
2025-07-24 10:27:52,279 - INFO - url: https://heeb.yangfeiyue.dpdns.org/txt/Hebei_liantong.txt 获取成功，判断为m3u格式
2025-07-24 10:27:52,282 - INFO - url: https://heeb.yangfeiyue.dpdns.org/txt/Hebei_liantong.txt 爬取成功✅，包含频道分类: 卫视高清
2025-07-24 10:27:52,361 - INFO - url: https://sxx.yangfeiyue.dpdns.org/txt/Shanxi_liantong.txt 获取成功，判断为m3u格式
2025-07-24 10:27:52,362 - INFO - url: https://sxx.yangfeiyue.dpdns.org/txt/Shanxi_liantong.txt 爬取成功✅，包含频道分类: 卫视高清
2025-07-24 10:27:52,531 - INFO - url: https://hhn.yangfeiyue.dpdns.org/txt/Henan_dianxin.txt 获取成功，判断为m3u格式
2025-07-24 10:27:52,537 - INFO - url: https://hhn.yangfeiyue.dpdns.org/txt/Henan_dianxin.txt 爬取成功✅，包含频道分类: 卫视高清, 央视高清, 郑州新闻, 郑州商都, 郑州文体, 郑州戏曲, 郑州妇女, 郑州生活, 本地高清
2025-07-24 10:27:52,630 - INFO - url: https://lnn.yangfeiyue.dpdns.org/txt/Liaoning_liantong.txt 获取成功，判断为m3u格式
2025-07-24 10:27:52,631 - INFO - url: https://lnn.yangfeiyue.dpdns.org/txt/Liaoning_liantong.txt 爬取成功✅，包含频道分类: 央视高清, 卫视频道
2025-07-24 10:27:52,734 - INFO - url: https://hljj.yangfeiyue.dpdns.org/txt/Heilongjiang_liantong.txt 获取成功，判断为m3u格式
2025-07-24 10:27:52,735 - INFO - url: https://hljj.yangfeiyue.dpdns.org/txt/Heilongjiang_liantong.txt 爬取成功✅，包含频道分类: 央视高清
2025-07-24 10:27:52,849 - INFO - url: https://ggd.yangfeiyue.dpdns.org/txt/Guang_dian.txt 获取成功，判断为m3u格式
2025-07-24 10:27:52,849 - INFO - url: https://ggd.yangfeiyue.dpdns.org/txt/Guang_dian.txt 爬取成功✅，包含频道分类: 卫视高清
2025-07-24 10:27:57,590 - INFO - url: https://proxy.lalifeier.eu.org/https://raw.githubusercontent.com/lalifeier/IPTV/main/txt/udpxy/中国联通/河南.txt 获取成功，判断为txt格式
2025-07-24 10:27:57,591 - INFO - url: https://proxy.lalifeier.eu.org/https://raw.githubusercontent.com/lalifeier/IPTV/main/txt/udpxy/中国联通/河南.txt 爬取成功✅，包含频道分类: 中国联通-河南-组播
2025-07-24 10:27:57,763 - INFO - url: https://proxy.lalifeier.eu.org/https://raw.githubusercontent.com/lalifeier/IPTV/main/txt/udpxy/中国联通/河北.txt 获取成功，判断为txt格式
2025-07-24 10:27:57,764 - INFO - url: https://proxy.lalifeier.eu.org/https://raw.githubusercontent.com/lalifeier/IPTV/main/txt/udpxy/中国联通/河北.txt 爬取成功✅，包含频道分类: 中国联通-河北-组播
2025-07-24 10:27:57,917 - INFO - url: https://proxy.lalifeier.eu.org/https://raw.githubusercontent.com/lalifeier/IPTV/main/txt/udpxy/中国联通/天津.txt 获取成功，判断为txt格式
2025-07-24 10:27:57,917 - INFO - url: https://proxy.lalifeier.eu.org/https://raw.githubusercontent.com/lalifeier/IPTV/main/txt/udpxy/中国联通/天津.txt 爬取成功✅，包含频道分类: 中国联通-天津-组播
2025-07-24 10:27:58,083 - INFO - url: https://raw.githubusercontent.com/rain12335/zubotv/refs/heads/main/chongqingzubo.txt 获取成功，判断为txt格式
2025-07-24 10:27:58,083 - INFO - url: https://raw.githubusercontent.com/rain12335/zubotv/refs/heads/main/chongqingzubo.txt 爬取成功✅，包含频道分类: 本地高清, 央视高清, 卫视高清
2025-07-24 10:27:58,170 - INFO - url: https://raw.githubusercontent.com/rain12335/zubotv/refs/heads/main/sichuanzubo.txt 获取成功，判断为txt格式
2025-07-24 10:27:58,171 - INFO - url: https://raw.githubusercontent.com/rain12335/zubotv/refs/heads/main/sichuanzubo.txt 爬取成功✅，包含频道分类: 央视高清, 卫视高清, 网络数字, 四川本地, 影院高清, 4k超高清
2025-07-24 10:27:58,338 - INFO - url: https://raw.githubusercontent.com/rain12335/zubotv/refs/heads/main/hunanzubo.txt 获取成功，判断为txt格式
2025-07-24 10:27:58,339 - INFO - url: https://raw.githubusercontent.com/rain12335/zubotv/refs/heads/main/hunanzubo.txt 爬取成功✅，包含频道分类: 央视, 卫视, 卫视1, 本地, 特色
